#
# A fatal error has been detected by the Java Runtime Environment:
#
#  SIGSEGV (0xb) at pc=0x0000000104d886a8, pid=2577, tid=25859
#
# JRE version: Java(TM) SE Runtime Environment (17.0.7+8) (build 17.0.7+8-LTS-224)
# Java VM: Java HotSpot(TM) 64-Bit Server VM (17.0.7+8-LTS-224, mixed mode, emulated-client, tiered, compressed oops, compressed class ptrs, g1 gc, bsd-aarch64)
# Problematic frame:
# C  [libjdwp.dylib+0x286a8]  jvmtiAllocate+0x64
#
# No core dump will be written. Core dumps have been disabled. To enable core dumping, try "ulimit -c unlimited" before starting Java again
#
# If you would like to submit a bug report, please visit:
#   https://bugreport.java.com/bugreport/crash.jsp
# The crash happened outside the Java Virtual Machine in native code.
# See problematic frame for where to report the bug.
#

---------------  S U M M A R Y ------------

Command Line: -agentlib:jdwp=transport=dt_socket,address=127.0.0.1:59747,suspend=y,server=n -Drebel.base=/Users/claire/.jrebel -Drebel.env.ide.plugin.version=2023.2.1 -Drebel.env.ide.version=2023.1.2 -Drebel.env.ide.product=IU -Drebel.env.ide=intellij -Drebel.notification.url=http://localhost:17434 -Xshare:off -agentpath:/Users/claire/Library/Application Support/JetBrains/IntelliJIdea2023.1/plugins/jr-ide-idea/lib/jrebel6/lib/libjrebel64.dylib -XX:TieredStopAtLevel=1 -Dspring.output.ansi.enabled=always -Dcom.sun.management.jmxremote -Dspring.jmx.enabled=true -Dspring.liveBeansView.mbeanDomain -Dspring.application.admin.enabled=true -Dmanagement.endpoints.jmx.exposure.include=* -Dfile.encoding=UTF-8 com.tuananhdo.WeatherApiServiceApplication

Host: "MacBookPro17,1" arm64 1 MHz, 8 cores, 16G, Darwin 22.5.0, macOS 13.4 (22F66)
Time: Sat Aug  5 01:00:32 2023 +07 elapsed time: 542.470059 seconds (0d 0h 9m 2s)

---------------  T H R E A D  ---------------

Current thread (0x000000015c01f000):  JavaThread "JDWP Command Reader" daemon [_thread_in_native, id=25859, stack(0x000000016dab4000,0x000000016dcb7000)]

Stack: [0x000000016dab4000,0x000000016dcb7000],  sp=0x000000016dcb6b70,  free space=2058k
Native frames: (J=compiled Java code, j=interpreted, Vv=VM code, C=native code)
C  [libjdwp.dylib+0x286a8]  jvmtiAllocate+0x64
C  [libdt_socket.dylib+0x2750]  setLastError+0x94
C  [libdt_socket.dylib+0x1b10]  socketTransport_readPacket+0x2bc
C  [libjdwp.dylib+0x250ac]  transport_receivePacket+0x2c
C  [libjdwp.dylib+0x11d58]  reader+0x1bc
V  [libjvm.dylib+0x633824]  JvmtiAgentThread::call_start_function()+0x80
V  [libjvm.dylib+0x913e18]